# JRE version: Java(TM) SE Runtime Environment (8.0_191-b12) (build 1.8.0_191-b12)
# Java VM: Java HotSpot(TM) 64-Bit Server VM (25.191-b12 mixed mode windows-amd64 compressed oops)
Heap:
 PSYoungGen      total 176128K, used 58087K [0x000000076af80000, 0x0000000778580000, 0x00000007c0000000)
  eden space 165376K, 35% used [0x000000076af80000,0x000000076e839e40,0x0000000775100000)
  from space 10752K, 0% used [0x0000000775e00000,0x0000000775e00000,0x0000000776880000)
  to   space 13312K, 0% used [0x0000000775100000,0x0000000775100000,0x0000000775e00000)
 ParOldGen       total 139776K, used 16478K [0x00000006c0e00000, 0x00000006c9680000, 0x000000076af80000)
  object space 139776K, 11% used [0x00000006c0e00000,0x00000006c1e179f8,0x00000006c9680000)
 Metaspace       used 36465K, capacity 38297K, committed 38576K, reserved 1083392K
  class space    used 4925K, capacity 5291K, committed 5296K, reserved 1048576K
GC Heap History (10 events):
Event: 1.068 GC heap before
{Heap before GC invocations=4 (full 1):
 PSYoungGen      total 76288K, used 7735K [0x000000076af80000, 0x0000000774480000, 0x00000007c0000000)
  eden space 65536K, 0% used [0x000000076af80000,0x000000076af80000,0x000000076ef80000)
  from space 10752K, 71% used [0x000000076ef80000,0x000000076f70df90,0x000000076fa00000)
  to   space 10752K, 0% used [0x0000000773a00000,0x0000000773a00000,0x0000000774480000)
 ParOldGen       total 175104K, used 32K [0x00000006c0e00000, 0x00000006cb900000, 0x000000076af80000)
  object space 175104K, 0% used [0x00000006c0e00000,0x00000006c0e08000,0x00000006cb900000)
 Metaspace       used 20570K, capacity 21196K, committed 21296K, reserved 1067008K
  class space    used 2671K, capacity 2843K, committed 2864K, reserved 1048576K
Event: 1.086 GC heap after
Heap after GC invocations=4 (full 1):
 PSYoungGen      total 76288K, used 0K [0x000000076af80000, 0x0000000774480000, 0x00000007c0000000)
  eden space 65536K, 0% used [0x000000076af80000,0x000000076af80000,0x000000076ef80000)
  from space 10752K, 0% used [0x000000076ef80000,0x000000076ef80000,0x000000076fa00000)
  to   space 10752K, 0% used [0x0000000773a00000,0x0000000773a00000,0x0000000774480000)
 ParOldGen       total 97792K, used 7390K [0x00000006c0e00000, 0x00000006c6d80000, 0x000000076af80000)
  object space 97792K, 7% used [0x00000006c0e00000,0x00000006c1537a28,0x00000006c6d80000)
 Metaspace       used 20567K, capacity 21188K, committed 21296K, reserved 1067008K
  class space    used 2670K, capacity 2841K, committed 2864K, reserved 1048576K
}
Event: 1.314 GC heap before
{Heap before GC invocations=5 (full 1):
 PSYoungGen      total 76288K, used 65536K [0x000000076af80000, 0x0000000774480000, 0x00000007c0000000)
  eden space 65536K, 100% used [0x000000076af80000,0x000000076ef80000,0x000000076ef80000)
  from space 10752K, 0% used [0x000000076ef80000,0x000000076ef80000,0x000000076fa00000)
  to   space 10752K, 0% used [0x0000000773a00000,0x0000000773a00000,0x0000000774480000)
 ParOldGen       total 97792K, used 7390K [0x00000006c0e00000, 0x00000006c6d80000, 0x000000076af80000)
  object space 97792K, 7% used [0x00000006c0e00000,0x00000006c1537a28,0x00000006c6d80000)
 Metaspace       used 22615K, capacity 23404K, committed 23472K, reserved 1069056K
  class space    used 2994K, capacity 3199K, committed 3248K, reserved 1048576K
Event: 1.319 GC heap after
Heap after GC invocations=5 (full 1):
 PSYoungGen      total 112640K, used 6151K [0x000000076af80000, 0x0000000774080000, 0x00000007c0000000)
  eden space 105984K, 0% used [0x000000076af80000,0x000000076af80000,0x0000000771700000)
  from space 6656K, 92% used [0x0000000773a00000,0x0000000774001f40,0x0000000774080000)
  to   space 10752K, 0% used [0x0000000772b80000,0x0000000772b80000,0x0000000773600000)
 ParOldGen       total 97792K, used 7398K [0x00000006c0e00000, 0x00000006c6d80000, 0x000000076af80000)
  object space 97792K, 7% used [0x00000006c0e00000,0x00000006c1539a28,0x00000006c6d80000)
 Metaspace       used 22615K, capacity 23404K, committed 23472K, reserved 1069056K
  class space    used 2994K, capacity 3199K, committed 3248K, reserved 1048576K
}
Event: 1.793 GC heap before
{Heap before GC invocations=6 (full 1):
 PSYoungGen      total 112640K, used 112135K [0x000000076af80000, 0x0000000774080000, 0x00000007c0000000)
  eden space 105984K, 100% used [0x000000076af80000,0x0000000771700000,0x0000000771700000)
  from space 6656K, 92% used [0x0000000773a00000,0x0000000774001f40,0x0000000774080000)
  to   space 10752K, 0% used [0x0000000772b80000,0x0000000772b80000,0x0000000773600000)
 ParOldGen       total 97792K, used 7398K [0x00000006c0e00000, 0x00000006c6d80000, 0x000000076af80000)
  object space 97792K, 7% used [0x00000006c0e00000,0x00000006c1539a28,0x00000006c6d80000)
 Metaspace       used 28133K, capacity 29594K, committed 30000K, reserved 1075200K
  class space    used 3737K, capacity 4026K, committed 4144K, reserved 1048576K
Event: 1.799 GC heap after
Heap after GC invocations=6 (full 1):
 PSYoungGen      total 137728K, used 10464K [0x000000076af80000, 0x0000000776880000, 0x00000007c0000000)
  eden space 126976K, 0% used [0x000000076af80000,0x000000076af80000,0x0000000772b80000)
  from space 10752K, 97% used [0x0000000772b80000,0x00000007735b8238,0x0000000773600000)
  to   space 10752K, 0% used [0x0000000775e00000,0x0000000775e00000,0x0000000776880000)
 ParOldGen       total 97792K, used 7406K [0x00000006c0e00000, 0x00000006c6d80000, 0x000000076af80000)
  object space 97792K, 7% used [0x00000006c0e00000,0x00000006c153ba28,0x00000006c6d80000)
 Metaspace       used 28133K, capacity 29594K, committed 30000K, reserved 1075200K
  class space    used 3737K, capacity 4026K, committed 4144K, reserved 1048576K
}
Event: 13.303 GC heap before
{Heap before GC invocations=7 (full 1):
 PSYoungGen      total 137728K, used 130256K [0x000000076af80000, 0x0000000776880000, 0x00000007c0000000)
  eden space 126976K, 94% used [0x000000076af80000,0x000000077247c028,0x0000000772b80000)
  from space 10752K, 97% used [0x0000000772b80000,0x00000007735b8238,0x0000000773600000)
  to   space 10752K, 0% used [0x0000000775e00000,0x0000000775e00000,0x0000000776880000)
 ParOldGen       total 97792K, used 7406K [0x00000006c0e00000, 0x00000006c6d80000, 0x000000076af80000)
  object space 97792K, 7% used [0x00000006c0e00000,0x00000006c153ba28,0x00000006c6d80000)
 Metaspace       used 33714K, capacity 35457K, committed 35496K, reserved 1079296K
  class space    used 4567K, capacity 4912K, committed 4912K, reserved 1048576K
Event: 13.310 GC heap after
Heap after GC invocations=7 (full 1):
 PSYoungGen      total 176128K, used 10724K [0x000000076af80000, 0x0000000778580000, 0x00000007c0000000)
  eden space 165376K, 0% used [0x000000076af80000,0x000000076af80000,0x0000000775100000)
  from space 10752K, 99% used [0x0000000775e00000,0x0000000776879090,0x0000000776880000)
  to   space 13312K, 0% used [0x0000000775100000,0x0000000775100000,0x0000000775e00000)
 ParOldGen       total 97792K, used 9727K [0x00000006c0e00000, 0x00000006c6d80000, 0x000000076af80000)
  object space 97792K, 9% used [0x00000006c0e00000,0x00000006c177fed8,0x00000006c6d80000)
 Metaspace       used 33714K, capacity 35457K, committed 35496K, reserved 1079296K
  class space    used 4567K, capacity 4912K, committed 4912K, reserved 1048576K
}
Event: 13.310 GC heap before
{Heap before GC invocations=8 (full 2):
 PSYoungGen      total 176128K, used 10724K [0x000000076af80000, 0x0000000778580000, 0x00000007c0000000)
  eden space 165376K, 0% used [0x000000076af80000,0x000000076af80000,0x0000000775100000)
  from space 10752K, 99% used [0x0000000775e00000,0x0000000776879090,0x0000000776880000)
  to   space 13312K, 0% used [0x0000000775100000,0x0000000775100000,0x0000000775e00000)
 ParOldGen       total 97792K, used 9727K [0x00000006c0e00000, 0x00000006c6d80000, 0x000000076af80000)
  object space 97792K, 9% used [0x00000006c0e00000,0x00000006c177fed8,0x00000006c6d80000)
 Metaspace       used 33714K, capacity 35457K, committed 35496K, reserved 1079296K
  class space    used 4567K, capacity 4912K, committed 4912K, reserved 1048576K
Event: 13.337 GC heap after
Heap after GC invocations=8 (full 2):
 PSYoungGen      total 176128K, used 0K [0x000000076af80000, 0x0000000778580000, 0x00000007c0000000)
  eden space 165376K, 0% used [0x000000076af80000,0x000000076af80000,0x0000000775100000)
  from space 10752K, 0% used [0x0000000775e00000,0x0000000775e00000,0x0000000776880000)
  to   space 13312K, 0% used [0x0000000775100000,0x0000000775100000,0x0000000775e00000)
 ParOldGen       total 139776K, used 16478K [0x00000006c0e00000, 0x00000006c9680000, 0x000000076af80000)
  object space 139776K, 11% used [0x00000006c0e00000,0x00000006c1e179f8,0x00000006c9680000)
 Metaspace       used 33714K, capacity 35457K, committed 35496K, reserved 1079296K
  class space    used 4567K, capacity 4912K, committed 4912K, reserved 1048576K
}

